<?xml version="1.0" encoding="UTF-8"?>
<testsuite name="javaweb_gradle.LibraryTest" tests="1" skipped="0" failures="0" errors="0" timestamp="2022-08-04T21:58:54" hostname="iMacdeSebas.local" time="0.036">
  <properties/>
  <testcase name="someLibraryMethodReturnsTrue()" classname="javaweb_gradle.LibraryTest" time="0.036"/>
  <system-out><![CDATA[]]></system-out>
  <system-err><![CDATA[]]></system-err>
</testsuite>
